2025-06-30 17:40:12 [restartedMain] INFO  org.example.BlogBackendApplication - Starting BlogBackendApplication using Java 17.0.5 with PID 6648 (E:\Java_study\blog-backend\target\classes started by Linshiyi in E:\Java_study\blog-backend)
2025-06-30 17:40:12 [restartedMain] INFO  org.example.BlogBackendApplication - No active profile set, falling back to 1 default profile: "default"
2025-06-30 17:40:13 [restartedMain] INFO  o.s.d.r.c.RepositoryConfigurationDelegate - Multiple Spring Data modules found, entering strict repository configuration mode
2025-06-30 17:40:13 [restartedMain] INFO  o.s.d.r.c.RepositoryConfigurationDelegate - Bootstrapping Spring Data Redis repositories in DEFAULT mode.
2025-06-30 17:40:13 [restartedMain] INFO  o.s.d.r.c.RepositoryConfigurationDelegate - Finished Spring Data repository scanning in 5 ms. Found 0 Redis repository interfaces.
2025-06-30 17:40:13 [restartedMain] INFO  o.s.b.w.e.tomcat.TomcatWebServer - Tomcat initialized with port 8080 (http)
2025-06-30 17:40:13 [restartedMain] INFO  o.a.catalina.core.StandardService - Starting service [Tomcat]
2025-06-30 17:40:13 [restartedMain] INFO  o.a.catalina.core.StandardEngine - Starting Servlet engine: [Apache Tomcat/10.1.40]
2025-06-30 17:40:13 [restartedMain] INFO  o.a.c.c.C.[Tomcat].[localhost].[/] - Initializing Spring embedded WebApplicationContext
2025-06-30 17:40:13 [restartedMain] INFO  o.s.b.w.s.c.ServletWebServerApplicationContext - Root WebApplicationContext: initialization completed in 256 ms
2025-06-30 17:40:13 [restartedMain] INFO  o.s.s.c.a.a.c.InitializeUserDetailsBeanManagerConfigurer$InitializeUserDetailsManagerConfigurer - Global AuthenticationManager configured with UserDetailsService bean with name inMemoryUserDetailsManager
2025-06-30 17:40:13 [restartedMain] INFO  o.s.b.d.a.OptionalLiveReloadServer - LiveReload server is running on port 35729
2025-06-30 17:40:13 [restartedMain] INFO  o.s.b.w.e.tomcat.TomcatWebServer - Tomcat started on port 8080 (http) with context path '/'
2025-06-30 17:40:13 [restartedMain] INFO  org.example.BlogBackendApplication - Started BlogBackendApplication in 0.533 seconds (process running for 882.997)
2025-06-30 17:40:13 [restartedMain] INFO  o.s.b.d.a.ConditionEvaluationDeltaLoggingListener - Condition evaluation unchanged
2025-06-30 17:41:06 [http-nio-8080-exec-1] INFO  o.a.c.c.C.[Tomcat].[localhost].[/] - Initializing Spring DispatcherServlet 'dispatcherServlet'
2025-06-30 17:41:06 [http-nio-8080-exec-1] INFO  o.s.web.servlet.DispatcherServlet - Initializing Servlet 'dispatcherServlet'
2025-06-30 17:41:06 [http-nio-8080-exec-1] INFO  o.s.web.servlet.DispatcherServlet - Completed initialization in 0 ms
2025-06-30 17:41:06 [http-nio-8080-exec-1] INFO  com.zaxxer.hikari.HikariDataSource - HikariPool-2 - Starting...
2025-06-30 17:41:06 [http-nio-8080-exec-1] INFO  com.zaxxer.hikari.pool.HikariPool - HikariPool-2 - Added connection com.mysql.cj.jdbc.ConnectionImpl@12966a94
2025-06-30 17:41:06 [http-nio-8080-exec-1] INFO  com.zaxxer.hikari.HikariDataSource - HikariPool-2 - Start completed.
2025-06-30 17:41:06 [http-nio-8080-exec-2] INFO  org.example.utils.JwtUtils - 解析后的{exp=1751880446, id=1, username=Linshiyi}
2025-06-30 17:41:06 [http-nio-8080-exec-2] INFO  org.example.utils.TokenInterceptor - 令牌合法,放行
2025-06-30 17:41:06 [http-nio-8080-exec-2] INFO  o.e.controller.CategoryController - 查询所有分类
2025-06-30 17:43:29 [SpringApplicationShutdownHook] INFO  o.s.b.w.e.tomcat.GracefulShutdown - Commencing graceful shutdown. Waiting for active requests to complete
2025-06-30 17:43:29 [tomcat-shutdown] INFO  o.s.b.w.e.tomcat.GracefulShutdown - Graceful shutdown complete
2025-06-30 17:43:29 [SpringApplicationShutdownHook] INFO  com.zaxxer.hikari.HikariDataSource - HikariPool-2 - Shutdown initiated...
2025-06-30 17:43:29 [SpringApplicationShutdownHook] INFO  com.zaxxer.hikari.HikariDataSource - HikariPool-2 - Shutdown completed.
2025-06-30 17:43:43 [main] INFO  o.e.BlogBackendApplicationTests - Starting BlogBackendApplicationTests using Java 17.0.5 with PID 2752 (started by Linshiyi in E:\Java_study\blog-backend)
2025-06-30 17:43:43 [main] INFO  o.e.BlogBackendApplicationTests - No active profile set, falling back to 1 default profile: "default"
2025-06-30 17:43:43 [main] INFO  o.s.d.r.c.RepositoryConfigurationDelegate - Multiple Spring Data modules found, entering strict repository configuration mode
2025-06-30 17:43:43 [main] INFO  o.s.d.r.c.RepositoryConfigurationDelegate - Bootstrapping Spring Data Redis repositories in DEFAULT mode.
2025-06-30 17:43:43 [main] INFO  o.s.d.r.c.RepositoryConfigurationDelegate - Finished Spring Data repository scanning in 8 ms. Found 0 Redis repository interfaces.
2025-06-30 17:43:44 [main] INFO  o.s.s.c.a.a.c.InitializeUserDetailsBeanManagerConfigurer$InitializeUserDetailsManagerConfigurer - Global AuthenticationManager configured with UserDetailsService bean with name inMemoryUserDetailsManager
2025-06-30 17:43:45 [main] INFO  o.e.BlogBackendApplicationTests - Started BlogBackendApplicationTests in 2.152 seconds (process running for 2.825)
2025-06-30 19:40:45 [restartedMain] INFO  org.example.BlogBackendApplication - Starting BlogBackendApplication using Java 17.0.5 with PID 11016 (E:\Java_study\blog-backend\target\classes started by Linshiyi in E:\Java_study\blog-backend)
2025-06-30 19:40:45 [restartedMain] INFO  org.example.BlogBackendApplication - No active profile set, falling back to 1 default profile: "default"
2025-06-30 19:40:45 [restartedMain] INFO  o.s.b.d.e.DevToolsPropertyDefaultsPostProcessor - Devtools property defaults active! Set 'spring.devtools.add-properties' to 'false' to disable
2025-06-30 19:40:45 [restartedMain] INFO  o.s.b.d.e.DevToolsPropertyDefaultsPostProcessor - For additional web related logging consider setting the 'logging.level.web' property to 'DEBUG'
2025-06-30 19:40:46 [restartedMain] INFO  o.s.d.r.c.RepositoryConfigurationDelegate - Multiple Spring Data modules found, entering strict repository configuration mode
2025-06-30 19:40:46 [restartedMain] INFO  o.s.d.r.c.RepositoryConfigurationDelegate - Bootstrapping Spring Data Redis repositories in DEFAULT mode.
2025-06-30 19:40:46 [restartedMain] INFO  o.s.d.r.c.RepositoryConfigurationDelegate - Finished Spring Data repository scanning in 7 ms. Found 0 Redis repository interfaces.
2025-06-30 19:40:46 [restartedMain] INFO  o.s.b.w.e.tomcat.TomcatWebServer - Tomcat initialized with port 8080 (http)
2025-06-30 19:40:46 [restartedMain] INFO  o.a.coyote.http11.Http11NioProtocol - Initializing ProtocolHandler ["http-nio-8080"]
2025-06-30 19:40:46 [restartedMain] INFO  o.a.catalina.core.StandardService - Starting service [Tomcat]
2025-06-30 19:40:46 [restartedMain] INFO  o.a.catalina.core.StandardEngine - Starting Servlet engine: [Apache Tomcat/10.1.40]
2025-06-30 19:40:46 [restartedMain] INFO  o.a.c.c.C.[Tomcat].[localhost].[/] - Initializing Spring embedded WebApplicationContext
2025-06-30 19:40:46 [restartedMain] INFO  o.s.b.w.s.c.ServletWebServerApplicationContext - Root WebApplicationContext: initialization completed in 1356 ms
2025-06-30 19:40:47 [restartedMain] INFO  o.s.s.c.a.a.c.InitializeUserDetailsBeanManagerConfigurer$InitializeUserDetailsManagerConfigurer - Global AuthenticationManager configured with UserDetailsService bean with name inMemoryUserDetailsManager
2025-06-30 19:40:47 [restartedMain] INFO  o.s.b.d.a.OptionalLiveReloadServer - LiveReload server is running on port 35729
2025-06-30 19:40:47 [restartedMain] INFO  o.a.coyote.http11.Http11NioProtocol - Starting ProtocolHandler ["http-nio-8080"]
2025-06-30 19:40:47 [restartedMain] INFO  o.s.b.w.e.tomcat.TomcatWebServer - Tomcat started on port 8080 (http) with context path '/'
2025-06-30 19:40:47 [restartedMain] INFO  org.example.BlogBackendApplication - Started BlogBackendApplication in 2.614 seconds (process running for 3.507)
2025-06-30 19:40:49 [http-nio-8080-exec-3] INFO  o.a.c.c.C.[Tomcat].[localhost].[/] - Initializing Spring DispatcherServlet 'dispatcherServlet'
2025-06-30 19:40:49 [http-nio-8080-exec-3] INFO  o.s.web.servlet.DispatcherServlet - Initializing Servlet 'dispatcherServlet'
2025-06-30 19:40:49 [http-nio-8080-exec-3] INFO  o.s.web.servlet.DispatcherServlet - Completed initialization in 1 ms
2025-06-30 19:40:49 [http-nio-8080-exec-5] INFO  o.example.controller.UserController - 获取管理员信息
2025-06-30 19:40:49 [http-nio-8080-exec-6] INFO  com.zaxxer.hikari.HikariDataSource - HikariPool-1 - Starting...
2025-06-30 19:40:49 [http-nio-8080-exec-4] INFO  org.example.utils.JwtUtils - 解析后的{exp=1751880446, id=1, username=Linshiyi}
2025-06-30 19:40:49 [http-nio-8080-exec-4] INFO  org.example.utils.TokenInterceptor - 令牌合法,放行
2025-06-30 19:40:49 [http-nio-8080-exec-6] INFO  com.zaxxer.hikari.pool.HikariPool - HikariPool-1 - Added connection com.mysql.cj.jdbc.ConnectionImpl@771b3da2
2025-06-30 19:40:49 [http-nio-8080-exec-6] INFO  com.zaxxer.hikari.HikariDataSource - HikariPool-1 - Start completed.
2025-06-30 19:40:49 [http-nio-8080-exec-9] INFO  org.example.utils.JwtUtils - 解析后的{exp=1751880446, id=1, username=Linshiyi}
2025-06-30 19:40:49 [http-nio-8080-exec-9] INFO  org.example.utils.TokenInterceptor - 令牌合法,放行
2025-06-30 19:40:49 [http-nio-8080-exec-9] INFO  o.e.controller.CategoryController - 查询所有分类
2025-06-30 19:40:55 [http-nio-8080-exec-1] INFO  o.example.controller.UserController - 获取管理员信息
2025-06-30 19:40:55 [http-nio-8080-exec-10] INFO  org.example.utils.JwtUtils - 解析后的{exp=1751880446, id=1, username=Linshiyi}
2025-06-30 19:40:55 [http-nio-8080-exec-10] INFO  org.example.utils.TokenInterceptor - 令牌合法,放行
2025-06-30 19:40:55 [http-nio-8080-exec-6] INFO  org.example.utils.JwtUtils - 解析后的{exp=1751880446, id=1, username=Linshiyi}
2025-06-30 19:40:55 [http-nio-8080-exec-6] INFO  org.example.utils.TokenInterceptor - 令牌合法,放行
2025-06-30 19:40:55 [http-nio-8080-exec-6] INFO  o.e.controller.CategoryController - 查询所有分类
2025-06-30 19:44:28 [http-nio-8080-exec-8] INFO  org.example.utils.JwtUtils - 解析后的{exp=1751880446, id=1, username=Linshiyi}
2025-06-30 19:44:28 [http-nio-8080-exec-8] INFO  org.example.utils.TokenInterceptor - 令牌合法,放行
2025-06-30 19:44:28 [http-nio-8080-exec-9] INFO  o.example.controller.UserController - 获取管理员信息
2025-06-30 19:44:28 [http-nio-8080-exec-3] INFO  org.example.utils.JwtUtils - 解析后的{exp=1751880446, id=1, username=Linshiyi}
2025-06-30 19:44:28 [http-nio-8080-exec-3] INFO  org.example.utils.TokenInterceptor - 令牌合法,放行
2025-06-30 19:44:28 [http-nio-8080-exec-3] INFO  o.e.controller.CategoryController - 查询所有分类
2025-06-30 19:45:03 [http-nio-8080-exec-4] INFO  o.example.controller.UserController - 获取管理员信息
2025-06-30 19:45:03 [http-nio-8080-exec-5] INFO  org.example.utils.JwtUtils - 解析后的{exp=1751880446, id=1, username=Linshiyi}
2025-06-30 19:45:03 [http-nio-8080-exec-5] INFO  org.example.utils.TokenInterceptor - 令牌合法,放行
2025-06-30 19:45:03 [http-nio-8080-exec-1] INFO  org.example.utils.JwtUtils - 解析后的{exp=1751880446, id=1, username=Linshiyi}
2025-06-30 19:45:03 [http-nio-8080-exec-1] INFO  org.example.utils.TokenInterceptor - 令牌合法,放行
2025-06-30 19:45:03 [http-nio-8080-exec-1] INFO  o.e.controller.CategoryController - 查询所有分类
2025-06-30 19:47:29 [http-nio-8080-exec-2] INFO  o.example.controller.UserController - 获取管理员信息
2025-06-30 19:47:29 [http-nio-8080-exec-7] INFO  org.example.utils.JwtUtils - 解析后的{exp=1751880446, id=1, username=Linshiyi}
2025-06-30 19:47:29 [http-nio-8080-exec-7] INFO  org.example.utils.TokenInterceptor - 令牌合法,放行
2025-06-30 19:47:29 [http-nio-8080-exec-8] INFO  org.example.utils.JwtUtils - 解析后的{exp=1751880446, id=1, username=Linshiyi}
2025-06-30 19:47:29 [http-nio-8080-exec-8] INFO  org.example.utils.TokenInterceptor - 令牌合法,放行
2025-06-30 19:47:29 [http-nio-8080-exec-8] INFO  o.e.controller.CategoryController - 查询所有分类
2025-06-30 19:47:29 [http-nio-8080-exec-9] INFO  o.example.controller.UserController - 获取管理员信息
2025-06-30 19:47:29 [http-nio-8080-exec-1] INFO  org.example.utils.JwtUtils - 解析后的{exp=1751880446, id=1, username=Linshiyi}
2025-06-30 19:47:29 [http-nio-8080-exec-1] INFO  org.example.utils.TokenInterceptor - 令牌合法,放行
2025-06-30 19:47:29 [http-nio-8080-exec-10] INFO  org.example.utils.JwtUtils - 解析后的{exp=1751880446, id=1, username=Linshiyi}
2025-06-30 19:47:29 [http-nio-8080-exec-10] INFO  org.example.utils.TokenInterceptor - 令牌合法,放行
2025-06-30 19:47:29 [http-nio-8080-exec-10] INFO  o.e.controller.CategoryController - 查询所有分类
2025-06-30 19:47:33 [http-nio-8080-exec-2] INFO  o.example.controller.UserController - 获取管理员信息
2025-06-30 19:47:33 [http-nio-8080-exec-7] INFO  org.example.utils.JwtUtils - 解析后的{exp=1751880446, id=1, username=Linshiyi}
2025-06-30 19:47:33 [http-nio-8080-exec-7] INFO  org.example.utils.TokenInterceptor - 令牌合法,放行
2025-06-30 19:47:33 [http-nio-8080-exec-8] INFO  org.example.utils.JwtUtils - 解析后的{exp=1751880446, id=1, username=Linshiyi}
2025-06-30 19:47:33 [http-nio-8080-exec-8] INFO  org.example.utils.TokenInterceptor - 令牌合法,放行
2025-06-30 19:47:33 [http-nio-8080-exec-8] INFO  o.e.controller.CategoryController - 查询所有分类
2025-06-30 19:49:16 [http-nio-8080-exec-3] INFO  org.example.utils.JwtUtils - 解析后的{exp=1751880446, id=1, username=Linshiyi}
2025-06-30 19:49:16 [http-nio-8080-exec-3] INFO  org.example.utils.TokenInterceptor - 令牌合法,放行
2025-06-30 19:49:16 [http-nio-8080-exec-10] INFO  o.example.controller.UserController - 获取管理员信息
2025-06-30 19:49:17 [http-nio-8080-exec-5] INFO  org.example.utils.JwtUtils - 解析后的{exp=1751880446, id=1, username=Linshiyi}
2025-06-30 19:49:17 [http-nio-8080-exec-5] INFO  org.example.utils.TokenInterceptor - 令牌合法,放行
2025-06-30 19:49:17 [http-nio-8080-exec-5] INFO  o.e.controller.CategoryController - 查询所有分类
2025-06-30 19:50:31 [http-nio-8080-exec-9] INFO  o.example.controller.UserController - 获取管理员信息
2025-06-30 19:50:31 [http-nio-8080-exec-6] INFO  org.example.utils.JwtUtils - 解析后的{exp=1751880446, id=1, username=Linshiyi}
2025-06-30 19:50:31 [http-nio-8080-exec-6] INFO  org.example.utils.TokenInterceptor - 令牌合法,放行
2025-06-30 19:50:31 [http-nio-8080-exec-2] INFO  org.example.utils.JwtUtils - 解析后的{exp=1751880446, id=1, username=Linshiyi}
2025-06-30 19:50:31 [http-nio-8080-exec-2] INFO  org.example.utils.TokenInterceptor - 令牌合法,放行
2025-06-30 19:50:31 [http-nio-8080-exec-2] INFO  o.e.controller.CategoryController - 查询所有分类
2025-06-30 19:52:51 [http-nio-8080-exec-1] INFO  org.example.utils.JwtUtils - 解析后的{exp=1751880446, id=1, username=Linshiyi}
2025-06-30 19:52:51 [http-nio-8080-exec-1] INFO  org.example.utils.TokenInterceptor - 令牌合法,放行
2025-06-30 19:52:51 [http-nio-8080-exec-8] INFO  o.example.controller.UserController - 获取管理员信息
2025-06-30 19:52:51 [http-nio-8080-exec-10] INFO  org.example.utils.JwtUtils - 解析后的{exp=1751880446, id=1, username=Linshiyi}
2025-06-30 19:52:51 [http-nio-8080-exec-10] INFO  org.example.utils.TokenInterceptor - 令牌合法,放行
2025-06-30 19:52:51 [http-nio-8080-exec-10] INFO  o.e.controller.CategoryController - 查询所有分类
2025-06-30 19:53:32 [http-nio-8080-exec-2] INFO  org.example.utils.JwtUtils - 解析后的{exp=1751880446, id=1, username=Linshiyi}
2025-06-30 19:53:32 [http-nio-8080-exec-2] INFO  org.example.utils.TokenInterceptor - 令牌合法,放行
2025-06-30 19:53:32 [http-nio-8080-exec-3] INFO  o.example.controller.UserController - 获取管理员信息
2025-06-30 19:53:32 [http-nio-8080-exec-7] INFO  org.example.utils.JwtUtils - 解析后的{exp=1751880446, id=1, username=Linshiyi}
2025-06-30 19:53:32 [http-nio-8080-exec-7] INFO  org.example.utils.TokenInterceptor - 令牌合法,放行
2025-06-30 19:53:32 [http-nio-8080-exec-7] INFO  o.e.controller.CategoryController - 查询所有分类
2025-06-30 19:56:02 [http-nio-8080-exec-10] INFO  org.example.utils.JwtUtils - 解析后的{exp=1751880446, id=1, username=Linshiyi}
2025-06-30 19:56:02 [http-nio-8080-exec-10] INFO  org.example.utils.TokenInterceptor - 令牌合法,放行
2025-06-30 19:56:02 [http-nio-8080-exec-9] INFO  o.example.controller.UserController - 获取管理员信息
2025-06-30 19:56:02 [http-nio-8080-exec-4] INFO  org.example.utils.JwtUtils - 解析后的{exp=1751880446, id=1, username=Linshiyi}
2025-06-30 19:56:02 [http-nio-8080-exec-4] INFO  org.example.utils.TokenInterceptor - 令牌合法,放行
2025-06-30 19:56:02 [http-nio-8080-exec-4] INFO  o.e.controller.CategoryController - 查询所有分类
2025-06-30 19:56:43 [http-nio-8080-exec-5] INFO  org.example.utils.JwtUtils - 解析后的{exp=1751880446, id=1, username=Linshiyi}
2025-06-30 19:56:43 [http-nio-8080-exec-5] INFO  org.example.utils.TokenInterceptor - 令牌合法,放行
2025-06-30 19:56:43 [http-nio-8080-exec-5] INFO  o.e.controller.CategoryController - 查询所有分类
2025-06-30 19:56:43 [http-nio-8080-exec-3] INFO  org.example.utils.JwtUtils - 解析后的{exp=1751880446, id=1, username=Linshiyi}
2025-06-30 19:56:43 [http-nio-8080-exec-3] INFO  org.example.utils.TokenInterceptor - 令牌合法,放行
2025-06-30 19:56:43 [http-nio-8080-exec-5] INFO  org.example.utils.JwtUtils - 解析后的{exp=1751880446, id=1, username=Linshiyi}
2025-06-30 19:56:43 [http-nio-8080-exec-5] INFO  org.example.utils.TokenInterceptor - 令牌合法,放行
2025-06-30 19:56:43 [http-nio-8080-exec-8] INFO  org.example.utils.JwtUtils - 解析后的{exp=1751880446, id=1, username=Linshiyi}
2025-06-30 19:56:43 [http-nio-8080-exec-8] INFO  org.example.utils.TokenInterceptor - 令牌合法,放行
2025-06-30 19:56:43 [http-nio-8080-exec-10] INFO  org.example.utils.JwtUtils - 解析后的{exp=1751880446, id=1, username=Linshiyi}
2025-06-30 19:56:43 [http-nio-8080-exec-10] INFO  org.example.utils.TokenInterceptor - 令牌合法,放行
2025-06-30 19:56:43 [http-nio-8080-exec-9] INFO  org.example.utils.JwtUtils - 解析后的{exp=1751880446, id=1, username=Linshiyi}
2025-06-30 19:56:43 [http-nio-8080-exec-9] INFO  org.example.utils.TokenInterceptor - 令牌合法,放行
2025-06-30 19:56:43 [http-nio-8080-exec-7] INFO  org.example.utils.JwtUtils - 解析后的{exp=1751880446, id=1, username=Linshiyi}
2025-06-30 19:56:43 [http-nio-8080-exec-7] INFO  org.example.utils.TokenInterceptor - 令牌合法,放行
2025-06-30 19:56:43 [http-nio-8080-exec-1] INFO  org.example.utils.JwtUtils - 解析后的{exp=1751880446, id=1, username=Linshiyi}
2025-06-30 19:56:43 [http-nio-8080-exec-6] INFO  org.example.utils.JwtUtils - 解析后的{exp=1751880446, id=1, username=Linshiyi}
2025-06-30 19:56:43 [http-nio-8080-exec-1] INFO  org.example.utils.TokenInterceptor - 令牌合法,放行
2025-06-30 19:56:43 [http-nio-8080-exec-6] INFO  org.example.utils.TokenInterceptor - 令牌合法,放行
2025-06-30 19:56:43 [http-nio-8080-exec-2] INFO  org.example.utils.JwtUtils - 解析后的{exp=1751880446, id=1, username=Linshiyi}
2025-06-30 19:56:43 [http-nio-8080-exec-2] INFO  org.example.utils.TokenInterceptor - 令牌合法,放行
2025-06-30 19:56:43 [http-nio-8080-exec-4] INFO  org.example.utils.JwtUtils - 解析后的{exp=1751880446, id=1, username=Linshiyi}
2025-06-30 19:56:43 [http-nio-8080-exec-4] INFO  org.example.utils.TokenInterceptor - 令牌合法,放行
2025-06-30 19:56:43 [http-nio-8080-exec-10] INFO  org.example.utils.JwtUtils - 解析后的{exp=1751880446, id=1, username=Linshiyi}
2025-06-30 19:56:43 [http-nio-8080-exec-10] INFO  org.example.utils.TokenInterceptor - 令牌合法,放行
2025-06-30 19:56:43 [http-nio-8080-exec-9] INFO  org.example.utils.JwtUtils - 解析后的{exp=1751880446, id=1, username=Linshiyi}
2025-06-30 19:56:43 [http-nio-8080-exec-9] INFO  org.example.utils.TokenInterceptor - 令牌合法,放行
2025-06-30 19:56:44 [http-nio-8080-exec-3] INFO  org.example.utils.JwtUtils - 解析后的{exp=1751880446, id=1, username=Linshiyi}
2025-06-30 19:56:44 [http-nio-8080-exec-3] INFO  org.example.utils.TokenInterceptor - 令牌合法,放行
2025-06-30 19:56:44 [http-nio-8080-exec-7] INFO  org.example.utils.JwtUtils - 解析后的{exp=1751880446, id=1, username=Linshiyi}
2025-06-30 19:56:44 [http-nio-8080-exec-7] INFO  org.example.utils.TokenInterceptor - 令牌合法,放行
2025-06-30 19:56:44 [http-nio-8080-exec-4] INFO  org.example.utils.JwtUtils - 解析后的{exp=1751880446, id=1, username=Linshiyi}
2025-06-30 19:56:44 [http-nio-8080-exec-9] INFO  org.example.utils.JwtUtils - 解析后的{exp=1751880446, id=1, username=Linshiyi}
2025-06-30 19:56:44 [http-nio-8080-exec-4] INFO  org.example.utils.TokenInterceptor - 令牌合法,放行
2025-06-30 19:56:44 [http-nio-8080-exec-9] INFO  org.example.utils.TokenInterceptor - 令牌合法,放行
2025-06-30 19:56:44 [http-nio-8080-exec-4] INFO  o.example.controller.UserController - 获取用户信息：1
2025-06-30 19:56:44 [http-nio-8080-exec-9] INFO  o.example.controller.UserController - 获取用户信息：2
2025-06-30 19:56:44 [http-nio-8080-exec-3] INFO  org.example.utils.JwtUtils - 解析后的{exp=1751880446, id=1, username=Linshiyi}
2025-06-30 19:56:44 [http-nio-8080-exec-1] INFO  org.example.utils.JwtUtils - 解析后的{exp=1751880446, id=1, username=Linshiyi}
2025-06-30 19:56:44 [http-nio-8080-exec-3] INFO  org.example.utils.TokenInterceptor - 令牌合法,放行
2025-06-30 19:56:44 [http-nio-8080-exec-1] INFO  org.example.utils.TokenInterceptor - 令牌合法,放行
2025-06-30 19:56:44 [http-nio-8080-exec-3] INFO  o.example.controller.UserController - 获取用户信息：1
2025-06-30 19:56:44 [http-nio-8080-exec-1] INFO  o.example.controller.UserController - 获取用户信息：2
2025-06-30 19:56:46 [http-nio-8080-exec-7] INFO  org.example.utils.TokenInterceptor - 不用令牌路径，放行
2025-06-30 19:56:46 [http-nio-8080-exec-7] INFO  o.e.c.AnnouncementsController - 查询所有公告
2025-06-30 19:56:51 [http-nio-8080-exec-5] INFO  org.example.utils.TokenInterceptor - 不用令牌路径，放行
2025-06-30 19:56:51 [http-nio-8080-exec-5] INFO  o.e.c.AnnouncementsController - 查询所有公告
2025-06-30 19:56:51 [http-nio-8080-exec-6] INFO  org.example.utils.JwtUtils - 解析后的{exp=1751880446, id=1, username=Linshiyi}
2025-06-30 19:56:51 [http-nio-8080-exec-6] INFO  org.example.utils.TokenInterceptor - 令牌合法,放行
2025-06-30 19:56:51 [http-nio-8080-exec-2] INFO  org.example.utils.JwtUtils - 解析后的{exp=1751880446, id=1, username=Linshiyi}
2025-06-30 19:56:51 [http-nio-8080-exec-2] INFO  org.example.utils.TokenInterceptor - 令牌合法,放行
2025-06-30 19:56:51 [http-nio-8080-exec-4] INFO  org.example.utils.JwtUtils - 解析后的{exp=1751880446, id=1, username=Linshiyi}
2025-06-30 19:56:51 [http-nio-8080-exec-10] INFO  org.example.utils.JwtUtils - 解析后的{exp=1751880446, id=1, username=Linshiyi}
2025-06-30 19:56:51 [http-nio-8080-exec-4] INFO  org.example.utils.TokenInterceptor - 令牌合法,放行
2025-06-30 19:56:51 [http-nio-8080-exec-10] INFO  org.example.utils.TokenInterceptor - 令牌合法,放行
2025-06-30 19:56:51 [http-nio-8080-exec-4] INFO  o.example.controller.UserController - 获取用户信息：2
2025-06-30 19:56:51 [http-nio-8080-exec-10] INFO  o.example.controller.UserController - 获取用户信息：1
2025-06-30 19:56:51 [http-nio-8080-exec-3] INFO  org.example.utils.JwtUtils - 解析后的{exp=1751880446, id=1, username=Linshiyi}
2025-06-30 19:56:51 [http-nio-8080-exec-9] INFO  org.example.utils.JwtUtils - 解析后的{exp=1751880446, id=1, username=Linshiyi}
2025-06-30 19:56:51 [http-nio-8080-exec-3] INFO  org.example.utils.TokenInterceptor - 令牌合法,放行
2025-06-30 19:56:51 [http-nio-8080-exec-9] INFO  org.example.utils.TokenInterceptor - 令牌合法,放行
2025-06-30 19:56:51 [http-nio-8080-exec-3] INFO  o.example.controller.UserController - 获取用户信息：1
2025-06-30 19:56:51 [http-nio-8080-exec-9] INFO  o.example.controller.UserController - 获取用户信息：2
2025-06-30 19:56:52 [http-nio-8080-exec-1] INFO  org.example.utils.JwtUtils - 解析后的{exp=1751880446, id=1, username=Linshiyi}
2025-06-30 19:56:52 [http-nio-8080-exec-1] INFO  org.example.utils.TokenInterceptor - 令牌合法,放行
2025-06-30 19:56:52 [http-nio-8080-exec-1] INFO  o.e.controller.CategoryController - 查询所有分类
2025-06-30 19:56:52 [http-nio-8080-exec-8] INFO  org.example.utils.JwtUtils - 解析后的{exp=1751880446, id=1, username=Linshiyi}
2025-06-30 19:56:52 [http-nio-8080-exec-7] INFO  org.example.utils.JwtUtils - 解析后的{exp=1751880446, id=1, username=Linshiyi}
2025-06-30 19:56:52 [http-nio-8080-exec-8] INFO  org.example.utils.TokenInterceptor - 令牌合法,放行
2025-06-30 19:56:52 [http-nio-8080-exec-7] INFO  org.example.utils.TokenInterceptor - 令牌合法,放行
2025-06-30 19:56:52 [http-nio-8080-exec-5] INFO  org.example.utils.JwtUtils - 解析后的{exp=1751880446, id=1, username=Linshiyi}
2025-06-30 19:56:52 [http-nio-8080-exec-5] INFO  org.example.utils.TokenInterceptor - 令牌合法,放行
2025-06-30 19:56:52 [http-nio-8080-exec-6] INFO  org.example.utils.JwtUtils - 解析后的{exp=1751880446, id=1, username=Linshiyi}
2025-06-30 19:56:52 [http-nio-8080-exec-6] INFO  org.example.utils.TokenInterceptor - 令牌合法,放行
2025-06-30 19:56:52 [http-nio-8080-exec-2] INFO  org.example.utils.JwtUtils - 解析后的{exp=1751880446, id=1, username=Linshiyi}
2025-06-30 19:56:52 [http-nio-8080-exec-2] INFO  org.example.utils.TokenInterceptor - 令牌合法,放行
2025-06-30 19:56:52 [http-nio-8080-exec-4] INFO  org.example.utils.JwtUtils - 解析后的{exp=1751880446, id=1, username=Linshiyi}
2025-06-30 19:56:52 [http-nio-8080-exec-4] INFO  org.example.utils.TokenInterceptor - 令牌合法,放行
2025-06-30 19:56:52 [http-nio-8080-exec-10] INFO  org.example.utils.JwtUtils - 解析后的{exp=1751880446, id=1, username=Linshiyi}
2025-06-30 19:56:52 [http-nio-8080-exec-10] INFO  org.example.utils.TokenInterceptor - 令牌合法,放行
2025-06-30 19:56:52 [http-nio-8080-exec-9] INFO  org.example.utils.JwtUtils - 解析后的{exp=1751880446, id=1, username=Linshiyi}
2025-06-30 19:56:52 [http-nio-8080-exec-9] INFO  org.example.utils.TokenInterceptor - 令牌合法,放行
2025-06-30 19:56:52 [http-nio-8080-exec-1] INFO  org.example.utils.JwtUtils - 解析后的{exp=1751880446, id=1, username=Linshiyi}
2025-06-30 19:56:52 [http-nio-8080-exec-3] INFO  org.example.utils.JwtUtils - 解析后的{exp=1751880446, id=1, username=Linshiyi}
2025-06-30 19:56:52 [http-nio-8080-exec-1] INFO  org.example.utils.TokenInterceptor - 令牌合法,放行
2025-06-30 19:56:52 [http-nio-8080-exec-3] INFO  org.example.utils.TokenInterceptor - 令牌合法,放行
2025-06-30 19:56:52 [http-nio-8080-exec-5] INFO  org.example.utils.JwtUtils - 解析后的{exp=1751880446, id=1, username=Linshiyi}
2025-06-30 19:56:52 [http-nio-8080-exec-5] INFO  org.example.utils.TokenInterceptor - 令牌合法,放行
2025-06-30 19:56:52 [http-nio-8080-exec-6] INFO  org.example.utils.JwtUtils - 解析后的{exp=1751880446, id=1, username=Linshiyi}
2025-06-30 19:56:52 [http-nio-8080-exec-6] INFO  org.example.utils.TokenInterceptor - 令牌合法,放行
2025-06-30 19:56:52 [http-nio-8080-exec-2] INFO  org.example.utils.JwtUtils - 解析后的{exp=1751880446, id=1, username=Linshiyi}
2025-06-30 19:56:52 [http-nio-8080-exec-2] INFO  org.example.utils.TokenInterceptor - 令牌合法,放行
2025-06-30 19:56:52 [http-nio-8080-exec-2] INFO  o.e.controller.CategoryController - 查询所有分类
2025-06-30 19:56:53 [http-nio-8080-exec-7] INFO  org.example.utils.JwtUtils - 解析后的{exp=1751880446, id=1, username=Linshiyi}
2025-06-30 19:56:53 [http-nio-8080-exec-7] INFO  org.example.utils.TokenInterceptor - 令牌合法,放行
2025-06-30 19:56:53 [http-nio-8080-exec-7] INFO  o.e.controller.CategoryController - 查询所有分类
2025-06-30 19:56:53 [http-nio-8080-exec-4] INFO  org.example.utils.JwtUtils - 解析后的{exp=1751880446, id=1, username=Linshiyi}
2025-06-30 19:56:53 [http-nio-8080-exec-3] INFO  org.example.utils.JwtUtils - 解析后的{exp=1751880446, id=1, username=Linshiyi}
2025-06-30 19:56:53 [http-nio-8080-exec-4] INFO  org.example.utils.TokenInterceptor - 令牌合法,放行
2025-06-30 19:56:53 [http-nio-8080-exec-10] INFO  org.example.utils.JwtUtils - 解析后的{exp=1751880446, id=1, username=Linshiyi}
2025-06-30 19:56:53 [http-nio-8080-exec-5] INFO  org.example.utils.JwtUtils - 解析后的{exp=1751880446, id=1, username=Linshiyi}
2025-06-30 19:56:53 [http-nio-8080-exec-5] INFO  org.example.utils.TokenInterceptor - 令牌合法,放行
2025-06-30 19:56:53 [http-nio-8080-exec-3] INFO  org.example.utils.TokenInterceptor - 令牌合法,放行
2025-06-30 19:56:53 [http-nio-8080-exec-1] INFO  org.example.utils.JwtUtils - 解析后的{exp=1751880446, id=1, username=Linshiyi}
2025-06-30 19:56:53 [http-nio-8080-exec-10] INFO  org.example.utils.TokenInterceptor - 令牌合法,放行
2025-06-30 19:56:53 [http-nio-8080-exec-1] INFO  org.example.utils.TokenInterceptor - 令牌合法,放行
2025-06-30 19:56:53 [http-nio-8080-exec-6] INFO  org.example.utils.JwtUtils - 解析后的{exp=1751880446, id=1, username=Linshiyi}
2025-06-30 19:56:53 [http-nio-8080-exec-6] INFO  org.example.utils.TokenInterceptor - 令牌合法,放行
2025-06-30 19:56:53 [http-nio-8080-exec-8] INFO  org.example.utils.JwtUtils - 解析后的{exp=1751880446, id=1, username=Linshiyi}
2025-06-30 19:56:53 [http-nio-8080-exec-9] INFO  org.example.utils.JwtUtils - 解析后的{exp=1751880446, id=1, username=Linshiyi}
2025-06-30 19:56:53 [http-nio-8080-exec-8] INFO  org.example.utils.TokenInterceptor - 令牌合法,放行
2025-06-30 19:56:53 [http-nio-8080-exec-9] INFO  org.example.utils.TokenInterceptor - 令牌合法,放行
2025-06-30 19:56:53 [http-nio-8080-exec-2] INFO  org.example.utils.JwtUtils - 解析后的{exp=1751880446, id=1, username=Linshiyi}
2025-06-30 19:56:53 [http-nio-8080-exec-2] INFO  org.example.utils.TokenInterceptor - 令牌合法,放行
2025-06-30 19:56:53 [http-nio-8080-exec-7] INFO  org.example.utils.JwtUtils - 解析后的{exp=1751880446, id=1, username=Linshiyi}
2025-06-30 19:56:53 [http-nio-8080-exec-7] INFO  org.example.utils.TokenInterceptor - 令牌合法,放行
2025-06-30 19:56:53 [http-nio-8080-exec-4] INFO  org.example.utils.JwtUtils - 解析后的{exp=1751880446, id=1, username=Linshiyi}
2025-06-30 19:56:53 [http-nio-8080-exec-4] INFO  org.example.utils.TokenInterceptor - 令牌合法,放行
2025-06-30 19:56:53 [http-nio-8080-exec-5] INFO  org.example.utils.JwtUtils - 解析后的{exp=1751880446, id=1, username=Linshiyi}
2025-06-30 19:56:53 [http-nio-8080-exec-5] INFO  org.example.utils.TokenInterceptor - 令牌合法,放行
2025-06-30 19:56:53 [http-nio-8080-exec-1] INFO  org.example.utils.JwtUtils - 解析后的{exp=1751880446, id=1, username=Linshiyi}
2025-06-30 19:56:53 [http-nio-8080-exec-1] INFO  org.example.utils.TokenInterceptor - 令牌合法,放行
2025-06-30 19:56:53 [http-nio-8080-exec-3] INFO  org.example.utils.JwtUtils - 解析后的{exp=1751880446, id=1, username=Linshiyi}
2025-06-30 19:56:53 [http-nio-8080-exec-3] INFO  org.example.utils.TokenInterceptor - 令牌合法,放行
2025-06-30 19:56:53 [http-nio-8080-exec-6] INFO  org.example.utils.JwtUtils - 解析后的{exp=1751880446, id=1, username=Linshiyi}
2025-06-30 19:56:53 [http-nio-8080-exec-10] INFO  org.example.utils.JwtUtils - 解析后的{exp=1751880446, id=1, username=Linshiyi}
2025-06-30 19:56:53 [http-nio-8080-exec-6] INFO  org.example.utils.TokenInterceptor - 令牌合法,放行
2025-06-30 19:56:53 [http-nio-8080-exec-10] INFO  org.example.utils.TokenInterceptor - 令牌合法,放行
2025-06-30 19:56:53 [http-nio-8080-exec-10] INFO  o.example.controller.UserController - 获取用户信息：2
2025-06-30 19:56:53 [http-nio-8080-exec-6] INFO  o.example.controller.UserController - 获取用户信息：1
2025-06-30 19:56:53 [http-nio-8080-exec-7] INFO  org.example.utils.JwtUtils - 解析后的{exp=1751880446, id=1, username=Linshiyi}
2025-06-30 19:56:53 [http-nio-8080-exec-9] INFO  org.example.utils.JwtUtils - 解析后的{exp=1751880446, id=1, username=Linshiyi}
2025-06-30 19:56:53 [http-nio-8080-exec-7] INFO  org.example.utils.TokenInterceptor - 令牌合法,放行
2025-06-30 19:56:53 [http-nio-8080-exec-9] INFO  org.example.utils.TokenInterceptor - 令牌合法,放行
2025-06-30 19:56:53 [http-nio-8080-exec-7] INFO  o.example.controller.UserController - 获取用户信息：1
2025-06-30 19:56:53 [http-nio-8080-exec-9] INFO  o.example.controller.UserController - 获取用户信息：2
2025-06-30 19:56:54 [http-nio-8080-exec-4] INFO  org.example.utils.TokenInterceptor - 不用令牌路径，放行
2025-06-30 19:56:54 [http-nio-8080-exec-4] INFO  o.e.c.AnnouncementsController - 查询所有公告
2025-06-30 20:30:05 [SpringApplicationShutdownHook] INFO  o.s.b.w.e.tomcat.GracefulShutdown - Commencing graceful shutdown. Waiting for active requests to complete
2025-06-30 20:30:06 [tomcat-shutdown] INFO  o.s.b.w.e.tomcat.GracefulShutdown - Graceful shutdown complete
2025-06-30 20:30:06 [SpringApplicationShutdownHook] INFO  com.zaxxer.hikari.HikariDataSource - HikariPool-1 - Shutdown initiated...
2025-06-30 20:30:06 [SpringApplicationShutdownHook] INFO  com.zaxxer.hikari.HikariDataSource - HikariPool-1 - Shutdown completed.
